<?xml version="1.0" encoding="utf-8"?><testsuite errors="0" failures="0" name="pytest" skips="0" tests="10" time="8.080"><testcase classname="dev.dg_fib_test.tests.test_dg_fib_be" file="dev/dg_fib_test/tests/test_dg_fib_be.py" line="9" name="test_valid_numbers" time="3.07844614983"></testcase><testcase classname="dev.dg_fib_test.tests.test_dg_fib_be" file="dev/dg_fib_test/tests/test_dg_fib_be.py" line="30" name="test_leading_zeros" time="0.76797413826"></testcase><testcase classname="dev.dg_fib_test.tests.test_dg_fib_be" file="dev/dg_fib_test/tests/test_dg_fib_be.py" line="45" name="test_float" time="0.387281894684"></testcase><testcase classname="dev.dg_fib_test.tests.test_dg_fib_be" file="dev/dg_fib_test/tests/test_dg_fib_be.py" line="56" name="test_negative_number" time="0.38054895401"></testcase><testcase classname="dev.dg_fib_test.tests.test_dg_fib_be" file="dev/dg_fib_test/tests/test_dg_fib_be.py" line="67" name="test_nonnumeric" time="0.378823280334"></testcase><testcase classname="dev.dg_fib_test.tests.test_dg_fib_be" file="dev/dg_fib_test/tests/test_dg_fib_be.py" line="78" name="test_alphanumeric" time="1.1140203476"></testcase><testcase classname="dev.dg_fib_test.tests.test_dg_fib_be" file="dev/dg_fib_test/tests/test_dg_fib_be.py" line="91" name="test_invalid_methods" time="1.15263700485"></testcase><testcase classname="dev.dg_fib_test.tests.test_dg_fib_fe" file="dev/dg_fib_test/tests/test_dg_fib_fe.py" line="13" name="test_html" time="0.370359182358"></testcase><testcase classname="dev.dg_fib_test.tests.test_dg_fib_fe" file="dev/dg_fib_test/tests/test_dg_fib_fe.py" line="28" name="test_submit_valid_number" time="0.0846610069275"><system-out>Skipping Selenium test, Firefox not installed/found
</system-out></testcase><testcase classname="dev.dg_fib_test.tests.test_dg_fib_fe" file="dev/dg_fib_test/tests/test_dg_fib_fe.py" line="56" name="test_submit_invalid_number" time="0.05606508255"><system-out>Skipping Selenium test, Firefox not installed/found
</system-out></testcase></testsuite>